<?xml version="1.0" encoding="UTF-8" ?>
<testsuite tests="3" failures="0" name="com.espol.rentalsystemtest.MovieTest" time="0.035" errors="0" skipped="0">
  <properties>
[...]
</properties>
  <testcase classname="com.espol.rentalsystemtest.MovieTest" name="com.espol.rentalsystemtest.MovieTest.testGetTitle" time="0.033"/>
  <testcase classname="com.espol.rentalsystemtest.MovieTest" name="com.espol.rentalsystemtest.MovieTest.testGetPriceCode" time="0.002"/>
  <testcase classname="com.espol.rentalsystemtest.MovieTest" name="com.espol.rentalsystemtest.MovieTest.testSetPriceCode" time="0"/>
</testsuite>